{
  "RSpec": {
    "coverage": {
      "/home/virgostyx/RubymineProjects/ledgerflow/app/components/accounting/account_select_component.rb": {
        "lines": [
          1,
          1,
          4,
          4,
          4,
          4,
          4,
          null,
          null,
          1,
          8,
          null,
          null
        ]
      },
      "/home/virgostyx/RubymineProjects/ledgerflow/app/components/accounting/balance_indicator_component.rb": {
        "lines": [
          1,
          1,
          3,
          null,
          null,
          1,
          9,
          null,
          null,
          1,
          6,
          null,
          null,
          1,
          6,
          null,
          null,
          1,
          3,
          null,
          null
        ]
      },
      "/home/virgostyx/RubymineProjects/ledgerflow/app/components/accounting/invoice_card_component.rb": {
        "lines": [
          1,
          1,
          5,
          5,
          null,
          null,
          1,
          1,
          1,
          1,
          1,
          1,
          null
        ]
      },
      "/home/virgostyx/RubymineProjects/ledgerflow/app/components/accounting/journal_entry_row_component.rb": {
        "lines": [
          1,
          1,
          4,
          null,
          null,
          1,
          4,
          null,
          null
        ]
      },
      "/home/virgostyx/RubymineProjects/ledgerflow/app/components/accounting/money_display_component.rb": {
        "lines": [
          1,
          1,
          8,
          8,
          null,
          null,
          1,
          8,
          null,
          null,
          1,
          8,
          null,
          null
        ]
      },
      "/home/virgostyx/RubymineProjects/ledgerflow/app/components/accounting/status_badge_component.rb": {
        "lines": [
          1,
          1,
          10,
          null,
          null,
          1,
          10,
          null,
          null,
          1,
          10,
          null,
          null
        ]
      },
      "/home/virgostyx/RubymineProjects/ledgerflow/app/components/layouts/dashboard_kpi_component.rb": {
        "lines": [
          1,
          1,
          3,
          null,
          null
        ]
      },
      "/home/virgostyx/RubymineProjects/ledgerflow/app/components/layouts/invoice_table_component.rb": {
        "lines": [
          1,
          1,
          5,
          null,
          null,
          1,
          10,
          null,
          null
        ]
      },
      "/home/virgostyx/RubymineProjects/ledgerflow/app/components/layouts/journal_entry_form_component.rb": {
        "lines": [
          1,
          1,
          14,
          14,
          14,
          null,
          null,
          1,
          104,
          null,
          null,
          1,
          14,
          null,
          null
        ]
      },
      "/home/virgostyx/RubymineProjects/ledgerflow/app/components/layouts/reconciliation_panel_component.rb": {
        "lines": [
          1,
          1,
          4,
          4,
          null,
          null,
          1,
          8,
          null,
          null
        ]
      },
      "/home/virgostyx/RubymineProjects/ledgerflow/app/components/layouts/trial_balance_component.rb": {
        "lines": [
          1,
          1,
          4,
          4,
          null,
          null,
          1,
          32,
          null,
          null,
          1,
          16,
          null,
          null,
          1,
          16,
          null,
          null
        ]
      },
      "/home/virgostyx/RubymineProjects/ledgerflow/app/components/ui/alert_component.rb": {
        "lines": [
          1,
          null,
          1,
          null,
          null,
          null,
          null,
          null,
          1,
          5,
          5,
          5,
          null,
          null,
          1,
          5,
          5,
          null,
          null,
          1,
          0,
          null,
          null
        ]
      },
      "/home/virgostyx/RubymineProjects/ledgerflow/app/components/ui/badge_component.rb": {
        "lines": [
          1,
          null,
          1,
          null,
          null,
          null,
          null,
          null,
          null,
          1,
          31,
          30,
          30,
          null,
          null,
          1,
          30,
          null,
          null
        ]
      },
      "/home/virgostyx/RubymineProjects/ledgerflow/app/components/ui/button_component.rb": {
        "lines": [
          1,
          null,
          1,
          null,
          null,
          null,
          null,
          1,
          6,
          6,
          6,
          6,
          6,
          null,
          null,
          1,
          6,
          null,
          null,
          null,
          null,
          null,
          null,
          null,
          null,
          1,
          null,
          1,
          6,
          6,
          6,
          null,
          null
        ]
      },
      "/home/virgostyx/RubymineProjects/ledgerflow/app/components/ui/card_component.rb": {
        "lines": [
          1,
          1,
          4,
          4,
          4,
          null,
          null,
          1,
          4,
          4,
          null,
          null
        ]
      },
      "/home/virgostyx/RubymineProjects/ledgerflow/app/components/ui/input_component.rb": {
        "lines": [
          1,
          1,
          null,
          6,
          6,
          6,
          6,
          6,
          6,
          6,
          6,
          6,
          null,
          null,
          1,
          6,
          6,
          null,
          null
        ]
      },
      "/home/virgostyx/RubymineProjects/ledgerflow/app/components/ui/modal_component.rb": {
        "lines": [
          1,
          1,
          4,
          null,
          null
        ]
      },
      "/home/virgostyx/RubymineProjects/ledgerflow/app/components/ui/select_component.rb": {
        "lines": [
          1,
          1,
          5,
          5,
          5,
          5,
          5,
          5,
          null,
          null
        ]
      },
      "/home/virgostyx/RubymineProjects/ledgerflow/app/components/ui/spinner_component.rb": {
        "lines": [
          1,
          null,
          1,
          null,
          null,
          null,
          null,
          1,
          4,
          null,
          null,
          1,
          4,
          null,
          null
        ]
      },
      "/home/virgostyx/RubymineProjects/ledgerflow/app/models/accounting/account.rb": {
        "lines": [
          1,
          1,
          null,
          1,
          1,
          null,
          1,
          1,
          null,
          1,
          null,
          1,
          null,
          null,
          1,
          1,
          1,
          null,
          1,
          1,
          null,
          7,
          3,
          1,
          null,
          1,
          8,
          null,
          null
        ]
      },
      "/home/virgostyx/RubymineProjects/ledgerflow/app/models/application_record.rb": {
        "lines": [
          1,
          1,
          null
        ]
      },
      "/home/virgostyx/RubymineProjects/ledgerflow/app/models/concerns/accounting/monetary_precision.rb": {
        "lines": [
          1,
          1,
          null,
          1,
          null,
          null,
          null,
          null,
          1,
          4,
          null,
          null,
          1,
          null,
          1,
          1323,
          17199,
          3150,
          3150,
          null,
          null,
          null
        ]
      },
      "/home/virgostyx/RubymineProjects/ledgerflow/app/models/concerns/accounting/auditable.rb": {
        "lines": [
          1,
          1,
          null,
          1,
          2,
          null,
          null
        ]
      },
      "/home/virgostyx/RubymineProjects/ledgerflow/app/models/accounting/audit_log.rb": {
        "lines": [
          1,
          1,
          null,
          1,
          null,
          1,
          1,
          1,
          null,
          1,
          1,
          1,
          null,
          1,
          29,
          null,
          null,
          null,
          null,
          null,
          null,
          null,
          null,
          null,
          null
        ]
      },
      "/home/virgostyx/RubymineProjects/ledgerflow/app/models/accounting/bank_account.rb": {
        "lines": [
          1,
          1,
          null,
          1,
          1,
          null,
          null,
          null,
          1,
          1,
          1,
          null,
          1,
          null,
          1,
          40,
          37,
          null,
          null
        ]
      },
      "/home/virgostyx/RubymineProjects/ledgerflow/app/models/accounting/bank_transaction.rb": {
        "lines": [
          1,
          1,
          null,
          1,
          1,
          null,
          1,
          null,
          1,
          1,
          null,
          4,
          null,
          1,
          23,
          null,
          null,
          1,
          1,
          null,
          null
        ]
      },
      "/home/virgostyx/RubymineProjects/ledgerflow/app/models/accounting/fiscal_year.rb": {
        "lines": [
          1,
          1,
          null,
          1,
          null,
          1,
          1,
          1,
          1,
          1,
          1,
          null,
          343,
          2,
          null,
          1,
          null,
          1,
          356,
          353,
          null,
          null,
          1,
          339,
          339,
          339,
          null,
          null
        ]
      },
      "/home/virgostyx/RubymineProjects/ledgerflow/app/models/accounting/invoice_line.rb": {
        "lines": [
          1,
          1,
          null,
          1,
          null,
          1,
          1,
          null,
          1,
          1,
          1,
          1,
          null,
          1,
          null,
          172,
          null,
          1,
          71,
          null,
          70,
          70,
          70,
          null,
          70,
          70,
          70,
          null,
          null
        ]
      },
      "/home/virgostyx/RubymineProjects/ledgerflow/app/models/accounting/invoice.rb": {
        "lines": [
          1,
          1,
          null,
          1,
          1,
          1,
          null,
          1,
          1,
          1,
          null,
          1,
          1,
          1,
          null,
          null,
          1,
          1,
          1,
          null,
          1,
          1,
          1,
          1,
          1,
          null,
          1,
          1,
          null,
          null,
          1,
          1,
          null,
          null,
          1,
          1,
          null,
          null,
          null,
          1,
          57,
          57,
          57,
          null,
          null
        ]
      },
      "/home/virgostyx/RubymineProjects/ledgerflow/app/models/concerns/accounting/fiscal_year_scoped.rb": {
        "lines": [
          1,
          1,
          null,
          1,
          1,
          1,
          null,
          null
        ]
      },
      "/home/virgostyx/RubymineProjects/ledgerflow/app/models/accounting/journal_entry_line.rb": {
        "lines": [
          1,
          1,
          null,
          1,
          null,
          1,
          null,
          1,
          1,
          null,
          null,
          1,
          null,
          1,
          1,
          null,
          1,
          null,
          1,
          348,
          348,
          null,
          1,
          null,
          null,
          1,
          348,
          348,
          null,
          3,
          null,
          null
        ]
      },
      "/home/virgostyx/RubymineProjects/ledgerflow/app/models/accounting/journal_entry.rb": {
        "lines": [
          1,
          1,
          null,
          1,
          1,
          1,
          null,
          1,
          1,
          1,
          null,
          null,
          null,
          null,
          1,
          8,
          null,
          1,
          1,
          1,
          null,
          14,
          null
        ]
      },
      "/home/virgostyx/RubymineProjects/ledgerflow/app/models/concerns/accounting/statusable.rb": {
        "lines": [
          1,
          1,
          null,
          1,
          5,
          null,
          5,
          null,
          5,
          5,
          5,
          5,
          null,
          5,
          5,
          null,
          null,
          5,
          5,
          null,
          null,
          null,
          null
        ]
      },
      "/home/virgostyx/RubymineProjects/ledgerflow/app/models/concerns/accounting/immutable.rb": {
        "lines": [
          1,
          1,
          null,
          1,
          1,
          1,
          null,
          null,
          1,
          null,
          1,
          186,
          null,
          186,
          null,
          4,
          null,
          3,
          null,
          null,
          null,
          1,
          2,
          2,
          null,
          2,
          null,
          null,
          null
        ]
      },
      "/home/virgostyx/RubymineProjects/ledgerflow/app/models/accounting/journal.rb": {
        "lines": [
          1,
          1,
          null,
          1,
          null,
          1,
          null,
          null,
          1,
          null,
          1,
          1,
          1,
          null,
          30,
          null,
          1,
          39,
          39,
          39,
          39,
          39,
          null,
          null,
          null
        ]
      },
      "/home/virgostyx/RubymineProjects/ledgerflow/app/models/accounting/partner.rb": {
        "lines": [
          1,
          1,
          null,
          1,
          1,
          null,
          1,
          null,
          1,
          1,
          1,
          1,
          null,
          1,
          null,
          null,
          null,
          7,
          3,
          3,
          null
        ]
      },
      "/home/virgostyx/RubymineProjects/ledgerflow/app/models/accounting/vat_declaration.rb": {
        "lines": [
          1,
          1,
          null,
          1,
          null,
          1,
          1,
          null,
          1,
          1,
          1,
          null,
          1,
          null,
          1,
          2,
          null,
          null,
          1,
          null,
          1,
          16,
          13,
          null,
          null
        ]
      },
      "/home/virgostyx/RubymineProjects/ledgerflow/app/models/user.rb": {
        "lines": [
          1,
          1,
          null,
          null,
          null,
          null,
          null,
          null,
          null,
          null,
          1,
          null,
          1,
          1,
          null,
          3,
          null,
          1,
          96,
          null,
          null,
          1,
          1,
          null,
          null,
          1,
          3,
          null,
          null,
          1,
          0,
          null,
          null
        ]
      },
      "/home/virgostyx/RubymineProjects/ledgerflow/app/presenters/accounting/account_presenter.rb": {
        "lines": [
          1,
          1,
          10,
          null,
          null,
          1,
          10,
          null,
          null,
          1,
          9,
          null,
          null
        ]
      },
      "/home/virgostyx/RubymineProjects/ledgerflow/app/presenters/accounting/date_presenter.rb": {
        "lines": [
          1,
          1,
          43,
          null,
          null,
          1,
          37,
          36,
          null,
          null,
          1,
          1,
          null,
          null,
          1,
          5,
          5,
          null,
          null
        ]
      },
      "/home/virgostyx/RubymineProjects/ledgerflow/app/presenters/accounting/invoice_presenter.rb": {
        "lines": [
          1,
          1,
          null,
          null,
          1,
          null,
          null,
          null,
          null,
          null,
          1,
          null,
          null,
          null,
          null,
          null,
          null,
          1,
          32,
          null,
          null,
          1,
          18,
          null,
          null,
          1,
          17,
          null,
          null,
          1,
          3,
          null,
          2,
          null,
          null,
          1,
          17,
          null,
          null,
          1,
          3,
          null,
          null,
          1,
          20,
          null,
          null,
          1,
          19,
          null,
          null
        ]
      },
      "/home/virgostyx/RubymineProjects/ledgerflow/app/presenters/accounting/money_presenter.rb": {
        "lines": [
          1,
          1,
          null,
          1,
          null,
          1,
          81,
          81,
          null,
          null,
          1,
          76,
          null,
          null,
          null,
          null,
          null,
          null,
          null,
          null,
          null,
          1,
          4,
          3,
          null,
          null,
          1,
          11,
          9,
          2,
          null,
          null,
          1,
          2,
          null,
          null,
          1,
          null,
          1,
          76,
          null,
          null
        ]
      },
      "/home/virgostyx/RubymineProjects/ledgerflow/app/presenters/accounting/status_presenter.rb": {
        "lines": [
          1,
          null,
          1,
          null,
          null,
          null,
          null,
          1,
          null,
          null,
          null,
          null,
          null,
          1,
          17,
          null,
          null,
          1,
          14,
          null,
          null,
          1,
          13,
          null,
          null
        ]
      },
      "/home/virgostyx/RubymineProjects/ledgerflow/app/queries/accounting/analytic_project_query.rb": {
        "lines": [
          1,
          1,
          null,
          1,
          1,
          null,
          1,
          10,
          10,
          null,
          null,
          1,
          10,
          null,
          null,
          null,
          null,
          null,
          null,
          null,
          null,
          null,
          null,
          null,
          null,
          null,
          10,
          null,
          10,
          null,
          null,
          null,
          null,
          null,
          null,
          null,
          null,
          null,
          null,
          null,
          10,
          10,
          16,
          16,
          16,
          null,
          14,
          null,
          2,
          null,
          null,
          null,
          10,
          14,
          null,
          null,
          null,
          null,
          null,
          14,
          null,
          null
        ]
      },
      "/home/virgostyx/RubymineProjects/ledgerflow/app/queries/accounting/general_ledger_query.rb": {
        "lines": [
          1,
          1,
          null,
          null,
          null,
          1,
          10,
          10,
          10,
          10,
          null,
          null,
          1,
          10,
          null,
          null,
          null,
          null,
          null,
          null,
          null,
          null,
          null,
          null,
          null,
          null,
          null,
          null,
          null,
          null,
          null,
          null,
          10,
          10,
          23,
          20,
          null,
          3,
          null,
          23,
          null,
          23,
          null,
          null,
          null,
          null,
          null,
          null,
          null,
          null,
          null,
          null,
          null,
          null
        ]
      },
      "/home/virgostyx/RubymineProjects/ledgerflow/app/queries/accounting/trial_balance_query.rb": {
        "lines": [
          1,
          1,
          null,
          null,
          1,
          28,
          28,
          null,
          null,
          1,
          28,
          null,
          null,
          null,
          null,
          null,
          null,
          null,
          null,
          null,
          null,
          null,
          null,
          null,
          null,
          null,
          28,
          28,
          null,
          28,
          52,
          52,
          52,
          52,
          null,
          52,
          null,
          null,
          null,
          null,
          null,
          null,
          null,
          null,
          null,
          null,
          null,
          null
        ]
      },
      "/home/virgostyx/RubymineProjects/ledgerflow/app/queries/accounting/vat_grid_query.rb": {
        "lines": [
          1,
          1,
          17,
          null,
          null,
          null,
          null,
          null,
          null,
          null,
          null,
          null,
          null,
          null,
          null,
          17,
          14,
          null,
          null,
          null
        ]
      },
      "/home/virgostyx/RubymineProjects/ledgerflow/app/services/accounting/actions/assign_sequence_number.rb": {
        "lines": [
          1,
          1,
          null,
          1,
          1,
          null,
          1,
          27,
          27,
          27,
          26,
          null,
          null
        ]
      },
      "/home/virgostyx/RubymineProjects/ledgerflow/app/services/accounting/actions/generate_closing_entry.rb": {
        "lines": [
          1,
          1,
          null,
          1,
          1,
          null,
          1,
          12,
          null,
          12,
          40,
          40,
          null,
          12,
          null,
          11,
          11,
          11,
          null,
          11,
          null,
          null,
          null,
          null,
          null,
          null,
          null,
          null,
          11,
          null,
          11,
          1,
          null,
          null,
          null,
          null,
          null,
          null,
          null,
          null,
          11,
          16,
          null,
          null,
          null,
          null,
          null,
          null,
          null,
          null,
          11,
          0,
          null,
          null,
          null,
          null,
          null,
          null,
          null,
          11,
          null,
          null,
          null,
          null,
          null,
          null,
          null,
          null,
          11,
          11,
          null,
          0,
          null,
          null
        ]
      },
      "/home/virgostyx/RubymineProjects/ledgerflow/app/services/accounting/actions/mark_fiscal_year_closed.rb": {
        "lines": [
          1,
          1,
          null,
          1,
          null,
          1,
          10,
          null,
          null,
          null,
          null,
          null,
          0,
          null,
          null
        ]
      },
      "/home/virgostyx/RubymineProjects/ledgerflow/app/services/accounting/actions/update_account_balances.rb": {
        "lines": [
          1,
          1,
          null,
          1,
          null,
          1,
          25,
          50,
          null,
          null,
          null,
          null,
          null,
          null,
          null
        ]
      },
      "/home/virgostyx/RubymineProjects/ledgerflow/app/services/accounting/actions/validate_balance.rb": {
        "lines": [
          1,
          1,
          null,
          1,
          null,
          1,
          30,
          30,
          null,
          30,
          4,
          null,
          null,
          null,
          null,
          null
        ]
      },
      "/home/virgostyx/RubymineProjects/ledgerflow/app/services/accounting/actions/validate_no_open_entries.rb": {
        "lines": [
          1,
          1,
          null,
          1,
          null,
          1,
          13,
          null,
          null,
          null,
          null,
          13,
          6,
          null,
          null,
          null,
          null,
          null
        ]
      },
      "/home/virgostyx/RubymineProjects/ledgerflow/app/services/accounting/actions/write_audit_log.rb": {
        "lines": [
          1,
          1,
          null,
          1,
          null,
          1,
          25,
          null,
          null,
          null,
          null,
          null,
          null
        ]
      },
      "/home/virgostyx/RubymineProjects/ledgerflow/app/services/accounting/close_fiscal_year.rb": {
        "lines": [
          1,
          1,
          null,
          1,
          15,
          2,
          2,
          2,
          null,
          null,
          13,
          13,
          null,
          13,
          1,
          1,
          1,
          null,
          null,
          12,
          12,
          10,
          null,
          null,
          null,
          null,
          null,
          null,
          null,
          null,
          null,
          10,
          null,
          10,
          null,
          2,
          2,
          2,
          null,
          null
        ]
      },
      "/home/virgostyx/RubymineProjects/ledgerflow/app/services/accounting/generate_vat_return.rb": {
        "lines": [
          1,
          1,
          null,
          1,
          10,
          10,
          10,
          null,
          null,
          null,
          null,
          null,
          null,
          null,
          null,
          10,
          null,
          10,
          null,
          0,
          0,
          0,
          null,
          null
        ]
      },
      "/home/virgostyx/RubymineProjects/ledgerflow/app/services/accounting/import_camt_statement.rb": {
        "lines": [
          1,
          1,
          null,
          1,
          null,
          1,
          11,
          11,
          null,
          11,
          11,
          22,
          null,
          null,
          null,
          null,
          18,
          null,
          null,
          null,
          null,
          null,
          null,
          null,
          null,
          null,
          18,
          null,
          null,
          null,
          11,
          11,
          null,
          0,
          0,
          0,
          null,
          null,
          1,
          11,
          11,
          null,
          11,
          22,
          22,
          22,
          22,
          22,
          22,
          22,
          22,
          null,
          null,
          44,
          22,
          null,
          null,
          null,
          null,
          null,
          null,
          null,
          1,
          null
        ]
      },
      "/home/virgostyx/RubymineProjects/ledgerflow/app/services/accounting/post_invoice.rb": {
        "lines": [
          1,
          1,
          null,
          1,
          17,
          17,
          16,
          null,
          null,
          null,
          null,
          null,
          null,
          15,
          null,
          15,
          null,
          2,
          2,
          2,
          null,
          null
        ]
      },
      "/home/virgostyx/RubymineProjects/ledgerflow/app/services/accounting/post_journal_entry.rb": {
        "lines": [
          1,
          1,
          null,
          1,
          28,
          28,
          28,
          null,
          null,
          null,
          null,
          null,
          null,
          null,
          26,
          null,
          26,
          null,
          2,
          2,
          2,
          null,
          null
        ]
      },
      "/home/virgostyx/RubymineProjects/ledgerflow/app/services/accounting/reconcile_bank_transaction.rb": {
        "lines": [
          1,
          1,
          null,
          1,
          13,
          null,
          11,
          11,
          11,
          null,
          null,
          null,
          null,
          null,
          null,
          null,
          null,
          11,
          null,
          11,
          null,
          0,
          0,
          0,
          null,
          null,
          1,
          2,
          2,
          2,
          null,
          1,
          null
        ]
      },
      "/home/virgostyx/RubymineProjects/ledgerflow/app/services/api/jwt_service.rb": {
        "lines": [
          1,
          1,
          1,
          null,
          1,
          16,
          null,
          null,
          null,
          null,
          null,
          null,
          1,
          29,
          null,
          14,
          null,
          null
        ]
      },
      "/home/virgostyx/RubymineProjects/ledgerflow/app/services/peppol/actions/build_ubl_xml.rb": {
        "lines": [
          1,
          1,
          null,
          1,
          1,
          null,
          1,
          9,
          null,
          0,
          null,
          null
        ]
      },
      "/home/virgostyx/RubymineProjects/ledgerflow/app/services/peppol/actions/handle_delivery_status.rb": {
        "lines": [
          1,
          1,
          null,
          1,
          null,
          1,
          7,
          null,
          0,
          null,
          null
        ]
      },
      "/home/virgostyx/RubymineProjects/ledgerflow/app/services/peppol/actions/send_to_digiteal.rb": {
        "lines": [
          1,
          1,
          null,
          1,
          1,
          null,
          1,
          10,
          10,
          10,
          10,
          null,
          null,
          10,
          10,
          10,
          10,
          null,
          null,
          7,
          7,
          null,
          3,
          null,
          0,
          null,
          null
        ]
      },
      "/home/virgostyx/RubymineProjects/ledgerflow/app/services/peppol/receive_invoice.rb": {
        "lines": [
          1,
          1,
          8,
          8,
          null,
          8,
          8,
          8,
          8,
          8,
          8,
          8,
          8,
          null,
          8,
          null,
          7,
          7,
          null,
          null,
          null,
          null,
          null,
          null,
          7,
          null,
          null,
          7,
          null,
          null,
          7,
          7,
          null,
          null,
          null,
          null,
          null,
          null,
          7,
          7,
          null,
          1,
          1,
          1,
          null,
          null,
          1,
          8,
          null,
          1,
          null
        ]
      },
      "/home/virgostyx/RubymineProjects/ledgerflow/app/services/peppol/send_invoice.rb": {
        "lines": [
          1,
          1,
          null,
          1,
          10,
          2,
          2,
          2,
          null,
          null,
          8,
          8,
          7,
          null,
          null,
          null,
          null,
          null,
          7,
          null,
          7,
          null,
          1,
          1,
          1,
          null,
          null
        ]
      },
      "/home/virgostyx/RubymineProjects/ledgerflow/app/services/peppol/ubl_invoice_builder.rb": {
        "lines": [
          1,
          1,
          1,
          1,
          1,
          1,
          null,
          1,
          26,
          26,
          26,
          26,
          null,
          null,
          1,
          26,
          26,
          26,
          26,
          26,
          26,
          26,
          26,
          26,
          null,
          26,
          26,
          26,
          26,
          26,
          null,
          null,
          null,
          26,
          null,
          null,
          1,
          null,
          1,
          26,
          26,
          52,
          26,
          52,
          null,
          26,
          26,
          52,
          null,
          26,
          26,
          26,
          null,
          null,
          null,
          null,
          null,
          1,
          26,
          26,
          52,
          26,
          52,
          null,
          26,
          24,
          24,
          48,
          null,
          null,
          26,
          26,
          null,
          null,
          null,
          null,
          null,
          1,
          26,
          26,
          null,
          26,
          26,
          26,
          26,
          26,
          26,
          26,
          52,
          null,
          null,
          null,
          null,
          null,
          null,
          1,
          26,
          26,
          26,
          26,
          26,
          null,
          null,
          null,
          1,
          26,
          26,
          26,
          26,
          26,
          26,
          26,
          26,
          26,
          26,
          52,
          null,
          null,
          26,
          26,
          null,
          null,
          null,
          null,
          null,
          1,
          26,
          26,
          26,
          26,
          26,
          null,
          null,
          null
        ]
      },
      "/home/virgostyx/RubymineProjects/ledgerflow/app/controllers/application_controller.rb": {
        "lines": [
          1,
          1,
          1,
          null,
          1,
          1,
          null,
          1,
          null,
          1,
          null,
          1,
          null,
          1,
          105,
          null,
          null,
          1,
          4,
          4,
          null,
          null
        ]
      },
      "/home/virgostyx/RubymineProjects/ledgerflow/app/models/accounting/immutable_record_error.rb": {
        "lines": [
          1,
          1,
          null
        ]
      },
      "/home/virgostyx/RubymineProjects/ledgerflow/app/controllers/accounting/bank_reconciliations_controller.rb": {
        "lines": [
          1,
          1,
          2,
          1,
          null,
          null,
          1,
          1,
          null,
          null,
          1,
          4,
          null,
          4,
          1,
          null,
          3,
          null,
          null,
          null,
          1,
          null,
          1,
          1,
          1,
          1,
          null,
          1,
          1,
          null,
          null,
          null,
          0,
          null,
          null,
          null,
          1,
          3,
          3,
          null,
          3,
          null,
          null,
          null,
          null,
          null,
          null,
          3,
          2,
          null,
          null,
          1,
          null,
          null,
          null,
          1,
          15,
          null,
          null,
          null,
          null,
          null
        ]
      },
      "/home/virgostyx/RubymineProjects/ledgerflow/app/policies/accounting/bank_reconciliations_policy.rb": {
        "lines": [
          1,
          1,
          1,
          null
        ]
      },
      "/home/virgostyx/RubymineProjects/ledgerflow/app/policies/application_policy.rb": {
        "lines": [
          1,
          1,
          null,
          1,
          85,
          85,
          null,
          null,
          1,
          1,
          1,
          1,
          1,
          1,
          1,
          null,
          1,
          1,
          7,
          7,
          null,
          null,
          1,
          null,
          1,
          null,
          1,
          null,
          null
        ]
      },
      "/home/virgostyx/RubymineProjects/ledgerflow/app/services/accounting/actions/create_bank_journal_entry.rb": {
        "lines": [
          1,
          1,
          null,
          1,
          1,
          null,
          1,
          11,
          11,
          11,
          11,
          11,
          11,
          11,
          null,
          11,
          11,
          null,
          11,
          11,
          null,
          11,
          null,
          null,
          null,
          null,
          null,
          null,
          null,
          11,
          null,
          null,
          null,
          null,
          null,
          null,
          null,
          11,
          null,
          null,
          null,
          null,
          null,
          null,
          null,
          11,
          11,
          0,
          0,
          null,
          null,
          11,
          null,
          0,
          null,
          null
        ]
      },
      "/home/virgostyx/RubymineProjects/ledgerflow/app/services/accounting/actions/mark_transaction_reconciled.rb": {
        "lines": [
          1,
          1,
          null,
          1,
          null,
          1,
          11,
          null,
          null,
          null,
          null,
          0,
          null,
          null
        ]
      },
      "/home/virgostyx/RubymineProjects/ledgerflow/app/services/accounting/actions/lock_entry.rb": {
        "lines": [
          1,
          1,
          null,
          1,
          null,
          1,
          24,
          24,
          24,
          24,
          24,
          24,
          null,
          null,
          null
        ]
      },
      "/home/virgostyx/RubymineProjects/ledgerflow/app/services/accounting/actions/broadcast_turbo_update.rb": {
        "lines": [
          1,
          1,
          null,
          1,
          null,
          1,
          null,
          null,
          null
        ]
      },
      "/home/virgostyx/RubymineProjects/ledgerflow/app/controllers/accounting/fiscal_years_controller.rb": {
        "lines": [
          1,
          1,
          null,
          1,
          1,
          null,
          null,
          1,
          1,
          null,
          null,
          1,
          1,
          1,
          null,
          null,
          1,
          2,
          2,
          null,
          2,
          1,
          null,
          null,
          1,
          null,
          null,
          null,
          1,
          1,
          null,
          null,
          1,
          2,
          null,
          2,
          1,
          null,
          null,
          1,
          null,
          null,
          null,
          1,
          1,
          null,
          null,
          1,
          5,
          null,
          5,
          null,
          null,
          null,
          null,
          5,
          2,
          null,
          null,
          3,
          null,
          null,
          null,
          null,
          1,
          null,
          1,
          10,
          null,
          null,
          1,
          4,
          null,
          null
        ]
      },
      "/home/virgostyx/RubymineProjects/ledgerflow/app/policies/accounting/fiscal_year_policy.rb": {
        "lines": [
          1,
          1,
          6,
          null,
          null,
          1,
          4,
          null,
          null,
          1,
          1,
          null,
          null,
          1,
          4,
          null,
          null,
          1,
          1,
          null,
          null,
          1,
          0,
          null,
          null
        ]
      },
      "/home/virgostyx/RubymineProjects/ledgerflow/app/controllers/accounting/invoices_controller.rb": {
        "lines": [
          1,
          1,
          null,
          1,
          1,
          null,
          null,
          1,
          1,
          null,
          null,
          1,
          1,
          1,
          null,
          null,
          1,
          3,
          3,
          null,
          3,
          2,
          null,
          1,
          null,
          null,
          null,
          1,
          1,
          null,
          null,
          1,
          1,
          null,
          1,
          1,
          null,
          0,
          null,
          null,
          null,
          1,
          2,
          null,
          2,
          1,
          1,
          null,
          1,
          null,
          null,
          null,
          1,
          1,
          null,
          1,
          null,
          1,
          1,
          null,
          0,
          null,
          null,
          null,
          1,
          3,
          null,
          3,
          null,
          3,
          2,
          null,
          1,
          null,
          null,
          null,
          1,
          null,
          1,
          9,
          null,
          null,
          1,
          4,
          null,
          null,
          null,
          null,
          null
        ]
      },
      "/home/virgostyx/RubymineProjects/ledgerflow/app/policies/accounting/invoice_policy.rb": {
        "lines": [
          1,
          1,
          2,
          null,
          null,
          1,
          2,
          null,
          null,
          1,
          3,
          null,
          null
        ]
      },
      "/home/virgostyx/RubymineProjects/ledgerflow/app/services/accounting/actions/validate_invoice.rb": {
        "lines": [
          1,
          1,
          null,
          1,
          null,
          1,
          16,
          null,
          16,
          2,
          0,
          null,
          null,
          14,
          2,
          null,
          null,
          null
        ]
      },
      "/home/virgostyx/RubymineProjects/ledgerflow/app/services/accounting/actions/compute_invoice_totals.rb": {
        "lines": [
          1,
          1,
          null,
          1,
          1,
          null,
          1,
          12,
          12,
          12,
          12,
          null,
          null
        ]
      },
      "/home/virgostyx/RubymineProjects/ledgerflow/app/services/accounting/actions/assign_invoice_number.rb": {
        "lines": [
          1,
          1,
          null,
          1,
          1,
          null,
          1,
          12,
          12,
          null,
          12,
          1,
          null,
          0,
          null,
          null,
          11,
          11,
          11,
          null,
          null,
          1,
          12,
          12,
          null,
          1,
          null
        ]
      },
      "/home/virgostyx/RubymineProjects/ledgerflow/app/services/accounting/actions/generate_invoice_journal_entry.rb": {
        "lines": [
          1,
          1,
          null,
          1,
          1,
          null,
          1,
          10,
          10,
          10,
          null,
          10,
          null,
          null,
          null,
          null,
          null,
          null,
          null,
          null,
          10,
          null,
          10,
          null,
          10,
          10,
          10,
          null,
          10,
          null,
          null,
          1,
          10,
          10,
          null,
          null,
          1,
          10,
          null,
          10,
          8,
          null,
          2,
          null,
          null,
          null,
          1,
          8,
          8,
          null,
          8,
          null,
          null,
          null,
          null,
          null,
          null,
          null,
          8,
          8,
          null,
          null,
          null,
          null,
          null,
          null,
          null,
          null,
          8,
          6,
          null,
          null,
          null,
          null,
          null,
          null,
          null,
          null,
          null,
          1,
          2,
          2,
          null,
          2,
          2,
          null,
          null,
          null,
          null,
          null,
          null,
          null,
          null,
          2,
          2,
          null,
          null,
          null,
          null,
          null,
          null,
          null,
          null,
          2,
          null,
          null,
          null,
          null,
          null,
          null,
          null,
          null,
          1,
          null,
          null
        ]
      },
      "/home/virgostyx/RubymineProjects/ledgerflow/app/services/accounting/actions/update_invoice_status.rb": {
        "lines": [
          1,
          1,
          null,
          1,
          1,
          null,
          1,
          10,
          10,
          10,
          null,
          null
        ]
      },
      "/home/virgostyx/RubymineProjects/ledgerflow/app/controllers/accounting/journal_entries_controller.rb": {
        "lines": [
          1,
          1,
          null,
          1,
          2,
          null,
          null,
          1,
          2,
          null,
          null,
          1,
          3,
          3,
          3,
          3,
          3,
          null,
          null,
          1,
          6,
          6,
          null,
          5,
          5,
          5,
          null,
          null,
          5,
          4,
          4,
          4,
          null,
          4,
          null,
          0,
          0,
          null,
          null,
          null,
          1,
          1,
          1,
          null,
          null,
          1,
          1,
          1,
          1,
          null,
          null,
          1,
          2,
          2,
          1,
          null,
          null,
          1,
          1,
          1,
          null,
          null,
          null,
          1,
          1,
          1,
          1,
          1,
          null,
          null,
          0,
          null,
          null,
          null,
          1,
          1,
          1,
          null,
          null,
          null,
          1,
          null,
          1,
          7,
          null,
          null,
          1,
          8,
          null,
          null,
          null,
          null,
          null
        ]
      },
      "/home/virgostyx/RubymineProjects/ledgerflow/app/policies/accounting/journal_entry_policy.rb": {
        "lines": [
          1,
          1,
          1,
          null,
          null,
          1,
          1,
          null,
          null
        ]
      },
      "/home/virgostyx/RubymineProjects/ledgerflow/app/controllers/accounting/partners_controller.rb": {
        "lines": [
          1,
          1,
          null,
          1,
          1,
          null,
          null,
          1,
          1,
          null,
          null,
          1,
          1,
          1,
          null,
          null,
          1,
          4,
          4,
          null,
          4,
          2,
          null,
          2,
          null,
          null,
          null,
          1,
          1,
          null,
          null,
          1,
          2,
          null,
          2,
          1,
          null,
          1,
          null,
          null,
          null,
          1,
          2,
          1,
          1,
          null,
          null,
          1,
          null,
          1,
          6,
          null,
          null,
          1,
          6,
          null,
          null,
          null,
          null,
          null
        ]
      },
      "/home/virgostyx/RubymineProjects/ledgerflow/app/policies/accounting/partner_policy.rb": {
        "lines": [
          1,
          null
        ]
      },
      "/home/virgostyx/RubymineProjects/ledgerflow/app/controllers/accounting/reports_controller.rb": {
        "lines": [
          1,
          1,
          null,
          1,
          5,
          null,
          5,
          4,
          4,
          null,
          4,
          4,
          5,
          null,
          5,
          null,
          null,
          1,
          1,
          1,
          null,
          null,
          1,
          1,
          null,
          1,
          1,
          1,
          null,
          null,
          1,
          1,
          null,
          1,
          1,
          1,
          null,
          null,
          1,
          4,
          null,
          4,
          4,
          4,
          3,
          null,
          3,
          2,
          null,
          null,
          null,
          null,
          1,
          null,
          null,
          3,
          3,
          3,
          1,
          null,
          null,
          null,
          null,
          null,
          1,
          1,
          null,
          null,
          1,
          2,
          null,
          2,
          2,
          null,
          null,
          null,
          null,
          1,
          null,
          1,
          13,
          12,
          null,
          1,
          null,
          null,
          null,
          1,
          1,
          1,
          1,
          null,
          null,
          null,
          null,
          null,
          null,
          1,
          2,
          null,
          null,
          null,
          null,
          null,
          null,
          null,
          1,
          1,
          1,
          1,
          null,
          null,
          null,
          null,
          null,
          null,
          null,
          1,
          1,
          null,
          null,
          null,
          null,
          null,
          null,
          null
        ]
      },
      "/home/virgostyx/RubymineProjects/ledgerflow/app/policies/accounting/report_policy.rb": {
        "lines": [
          1,
          1,
          1,
          1,
          1,
          1,
          null
        ]
      },
      "/home/virgostyx/RubymineProjects/ledgerflow/app/controllers/accounting/vat_declarations_controller.rb": {
        "lines": [
          1,
          1,
          null,
          1,
          2,
          null,
          null,
          1,
          1,
          null,
          null,
          1,
          1,
          1,
          1,
          null,
          null,
          1,
          5,
          null,
          4,
          null,
          null,
          null,
          null,
          null,
          null,
          3,
          2,
          null,
          null,
          1,
          1,
          1,
          1,
          null,
          null,
          1,
          1,
          1,
          null,
          null,
          1,
          null,
          1,
          1,
          null,
          null,
          1,
          16,
          null,
          null,
          null,
          null
        ]
      },
      "/home/virgostyx/RubymineProjects/ledgerflow/app/policies/accounting/vat_declaration_policy.rb": {
        "lines": [
          1,
          null
        ]
      },
      "/home/virgostyx/RubymineProjects/ledgerflow/app/services/accounting/actions/compute_vat_grids.rb": {
        "lines": [
          1,
          1,
          null,
          1,
          1,
          null,
          1,
          10,
          null,
          null,
          null,
          6,
          null,
          null
        ]
      },
      "/home/virgostyx/RubymineProjects/ledgerflow/app/services/accounting/actions/create_vat_declaration.rb": {
        "lines": [
          1,
          1,
          null,
          1,
          1,
          null,
          1,
          10,
          null,
          null,
          null,
          null,
          null,
          null,
          9,
          null,
          1,
          null,
          null
        ]
      },
      "/home/virgostyx/RubymineProjects/ledgerflow/app/controllers/api/v1/invoices_controller.rb": {
        "lines": [
          1,
          1,
          2,
          2,
          2,
          4,
          null,
          null,
          1,
          1,
          1,
          null,
          null,
          1,
          null,
          1,
          null,
          3,
          null,
          null,
          null,
          null,
          null,
          null,
          null,
          null
        ]
      },
      "/home/virgostyx/RubymineProjects/ledgerflow/app/controllers/api/v1/base_controller.rb": {
        "lines": [
          1,
          1,
          null,
          1,
          null,
          1,
          25,
          25,
          null,
          12,
          null,
          null
        ]
      },
      "/home/virgostyx/RubymineProjects/ledgerflow/app/services/api/authentication_error.rb": {
        "lines": [
          1,
          1,
          null
        ]
      },
      "/home/virgostyx/RubymineProjects/ledgerflow/app/controllers/api/v1/journal_entries_controller.rb": {
        "lines": [
          1,
          1,
          2,
          2,
          2,
          2,
          4,
          null,
          null,
          1,
          1,
          1,
          null,
          null,
          1,
          4,
          4,
          null,
          3,
          3,
          3,
          null,
          3,
          3,
          3,
          3,
          null,
          null,
          null,
          null,
          null,
          null,
          null,
          3,
          null,
          null,
          null,
          3,
          null,
          null,
          null,
          null,
          null,
          3,
          3,
          3,
          null,
          0,
          0,
          null,
          null,
          0,
          null,
          0,
          null,
          null,
          1,
          null,
          1,
          null,
          6,
          null,
          null,
          null,
          null,
          null,
          null,
          null,
          null
        ]
      },
      "/home/virgostyx/RubymineProjects/ledgerflow/app/controllers/api/v1/projects_controller.rb": {
        "lines": [
          1,
          1,
          3,
          3,
          null,
          null,
          null,
          3,
          null,
          null,
          null,
          3,
          null,
          null,
          null,
          3,
          null,
          3,
          null,
          null,
          null,
          null,
          null,
          null,
          null,
          null
        ]
      },
      "/home/virgostyx/RubymineProjects/ledgerflow/app/controllers/landing_controller.rb": {
        "lines": [
          1,
          1,
          1,
          null,
          1,
          5,
          null,
          null
        ]
      },
      "/home/virgostyx/RubymineProjects/ledgerflow/app/controllers/peppol/webhooks_controller.rb": {
        "lines": [
          1,
          1,
          1,
          null,
          1,
          null,
          1,
          6,
          5,
          null,
          5,
          null,
          3,
          null,
          2,
          null,
          null,
          5,
          null,
          1,
          null,
          null,
          1,
          null,
          1,
          8,
          8,
          8,
          null,
          8,
          null,
          7,
          7,
          null,
          null,
          1,
          3,
          3,
          3,
          3,
          null,
          3,
          3,
          null,
          null,
          1,
          2,
          2,
          2,
          null,
          2,
          null,
          null,
          1,
          3,
          2,
          1,
          0,
          null,
          null,
          null
        ]
      },
      "/home/virgostyx/RubymineProjects/ledgerflow/app/controllers/users/sessions_controller.rb": {
        "lines": [
          1,
          1,
          null,
          1,
          null,
          1,
          1,
          null,
          null,
          1,
          1,
          null,
          null
        ]
      },
      "/home/virgostyx/RubymineProjects/ledgerflow/app/controllers/accounting/dashboard_controller.rb": {
        "lines": [
          0,
          0,
          null,
          0,
          0
        ],
        "branches": {}
      },
      "/home/virgostyx/RubymineProjects/ledgerflow/app/controllers/users/passwords_controller.rb": {
        "lines": [
          0,
          0,
          0
        ],
        "branches": {}
      },
      "/home/virgostyx/RubymineProjects/ledgerflow/app/controllers/users/registrations_controller.rb": {
        "lines": [
          0,
          0,
          null,
          0,
          null,
          0,
          0,
          0,
          null,
          0,
          0,
          0,
          0,
          0
        ],
        "branches": {}
      },
      "/home/virgostyx/RubymineProjects/ledgerflow/app/helpers/application_helper.rb": {
        "lines": [
          0,
          0
        ],
        "branches": {}
      },
      "/home/virgostyx/RubymineProjects/ledgerflow/app/jobs/application_job.rb": {
        "lines": [
          0,
          null,
          null,
          null,
          null,
          null,
          0
        ],
        "branches": {}
      },
      "/home/virgostyx/RubymineProjects/ledgerflow/app/mailers/application_mailer.rb": {
        "lines": [
          0,
          0,
          0,
          0
        ],
        "branches": {}
      }
    },
    "timestamp": 1778918314
  }
}
